<?xml version="1.0" encoding="UTF-8"?>
<!-- Generated by org.testng.reporters.JUnitXMLReporter -->
<testsuite hostname="sairam-PC" ignored="0" name="Test" tests="4" failures="1" timestamp="2020-09-10T15:09:21 IST" time="72.113" errors="0">
  <testcase name="verifyTitle" time="0.043" classname="com.Demo.TestScript.FbLogin"/>
  <testcase name="verifyUrl" time="0.007" classname="com.Demo.TestScript.FbLogin"/>
  <testcase name="verifyTitle" time="0.006" classname="com.Demo.TestScript.FbLogin1">
    <failure type="java.lang.AssertionError" message="expected [Facebook  log in or sign up] but found [Facebook – log in or sign up]">
      <![CDATA[java.lang.AssertionError: expected [Facebook  log in or sign up] but found [Facebook – log in or sign up]
at com.Demo.TestScript.FbLogin1.verifyTitle(FbLogin1.java:30)
at java.util.ArrayList.forEach(ArrayList.java:1257)
... Removed 36 stack frames]]>
    </failure>
  </testcase> <!-- verifyTitle -->
  <testcase name="verifyUrl" time="0.005" classname="com.Demo.TestScript.FbLogin1"/>
</testsuite> <!-- Test -->
