-------------------------------------------------------------------------------
Test set: TestSuite
-------------------------------------------------------------------------------
Tests run: 4, Failures: 1, Errors: 0, Skipped: 0, Time elapsed: 73.307 s <<< FAILURE! - in TestSuite
com.Demo.TestScript.FbLogin1.verifyTitle  Time elapsed: 0.014 s  <<< FAILURE!
java.lang.AssertionError: expected [Facebook  log in or sign up] but found [Facebook â€“ log in or sign up]
	at com.Demo.TestScript.FbLogin1.verifyTitle(FbLogin1.java:30)

