<?xml version="1.0" encoding="UTF-8"?>
<testng-results skipped="0" failed="0" ignored="0" total="2" passed="2">
  <reporter-output>
  </reporter-output>
  <suite name="Suite" duration-ms="16811" started-at="2020-09-10T09:07:56Z" finished-at="2020-09-10T09:08:13Z">
    <groups>
    </groups>
    <test name="Test" duration-ms="16811" started-at="2020-09-10T09:07:56Z" finished-at="2020-09-10T09:08:13Z">
      <class name="com.Demo.TestScript.FbLogin">
        <test-method status="PASS" signature="setUpChrome()[pri:0, instance:com.Demo.TestScript.FbLogin@286778]" name="setUpChrome" is-config="true" duration-ms="14579" started-at="2020-09-10T09:07:56Z" finished-at="2020-09-10T09:08:11Z">
          <reporter-output>
          </reporter-output>
        </test-method> <!-- setUpChrome -->
        <test-method status="PASS" signature="verifyTitle()[pri:0, instance:com.Demo.TestScript.FbLogin@286778]" name="verifyTitle" duration-ms="21" started-at="2020-09-10T09:08:11Z" finished-at="2020-09-10T09:08:11Z">
          <reporter-output>
          </reporter-output>
        </test-method> <!-- verifyTitle -->
        <test-method status="PASS" signature="verifyUrl()[pri:0, instance:com.Demo.TestScript.FbLogin@286778]" name="verifyUrl" duration-ms="9" started-at="2020-09-10T09:08:11Z" finished-at="2020-09-10T09:08:11Z">
          <reporter-output>
          </reporter-output>
        </test-method> <!-- verifyUrl -->
        <test-method status="PASS" signature="tearDown()[pri:0, instance:com.Demo.TestScript.FbLogin@286778]" name="tearDown" is-config="true" duration-ms="2182" started-at="2020-09-10T09:08:11Z" finished-at="2020-09-10T09:08:13Z">
          <reporter-output>
          </reporter-output>
        </test-method> <!-- tearDown -->
      </class> <!-- com.Demo.TestScript.FbLogin -->
    </test> <!-- Test -->
  </suite> <!-- Suite -->
</testng-results>
